<?xml version="1.0" encoding="utf-8"?>
<test-run id="2" testcasecount="1" result="Passed" total="1" passed="1" failed="0" inconclusive="0" skipped="0" asserts="0" engine-version="3.5.0.0" clr-version="4.0.30319.42000" start-time="2026-09-07 14:27:58Z" end-time="2026-09-07 14:27:58Z" duration="0.0536182">
  <test-suite type="TestSuite" id="1034" name="Week03" fullname="Week03" runstate="Runnable" testcasecount="26" result="Passed" start-time="2026-09-07 14:27:58Z" end-time="2026-09-07 14:27:58Z" duration="0.053618" total="1" passed="1" failed="0" inconclusive="0" skipped="0" asserts="0">
    <properties>
      <property name="platform" value="PlayMode" />
    </properties>
    <test-suite type="Assembly" id="1029" name="Assembly-CSharp.dll" fullname="D:/1670706728-pacharapon_wong/bu-2026-sem1-gi262-week03-1670706728/Library/ScriptAssemblies/Assembly-CSharp.dll" runstate="Runnable" testcasecount="26" result="Passed" start-time="2026-09-07 14:27:58Z" end-time="2026-09-07 14:27:58Z" duration="0.036132" total="1" passed="1" failed="0" inconclusive="0" skipped="0" asserts="0">
      <properties>
        <property name="_PID" value="16856" />
        <property name="_APPDOMAIN" value="Unity Child Domain" />
        <property name="platform" value="PlayMode" />
        <property name="EditorOnly" value="False" />
      </properties>
      <test-suite type="TestSuite" id="1030" name="Assignment" fullname="Assignment" runstate="Runnable" testcasecount="26" result="Passed" start-time="2026-09-07 14:27:58Z" end-time="2026-09-07 14:27:58Z" duration="0.033806" total="1" passed="1" failed="0" inconclusive="0" skipped="0" asserts="0">
        <properties />
        <test-suite type="TestFixture" id="1023" name="Lecture_Testcase" fullname="Assignment.Lecture_Testcase" classname="Assignment.Lecture_Testcase" runstate="Runnable" testcasecount="5" result="Passed" start-time="2026-09-07 14:27:58Z" end-time="2026-09-07 14:27:58Z" duration="0.031114" total="1" passed="1" failed="0" inconclusive="0" skipped="0" asserts="0">
          <properties />
          <test-case id="1028" name="LCT05_VirtualOverride" fullname="Assignment.Lecture_Testcase.LCT05_VirtualOverride" methodname="LCT05_VirtualOverride" classname="Assignment.Lecture_Testcase" runstate="Runnable" seed="1916534664" result="Passed" start-time="2026-09-07 14:27:58Z" end-time="2026-09-07 14:27:58Z" duration="0.011338" asserts="0">
            <properties>
              <property name="Category" value="Lecture" />
              <property name="Description" value="Run LCT05 example - Virtual &amp; Override" />
              <property name="retryIteration" value="0" />
              <property name="repeatIteration" value="0" />
            </properties>
            <output><![CDATA[Saving results to: C:/Users/techn/AppData/LocalLow/DefaultCompany/Week03\TestResults.xml
]]></output>
          </test-case>
        </test-suite>
      </test-suite>
    </test-suite>
  </test-suite>
</test-run>